{"/Users/adrian/Project2_Denmark/climbUp/client/components/buttons/Button.js": {"path":"/Users/adrian/Project2_Denmark/climbUp/client/components/buttons/Button.js","statementMap":{"0":{"start":{"line":11,"column":2},"end":{"line":20,"column":4}}},"fnMap":{"0":{"name":"Button","decl":{"start":{"line":10,"column":24},"end":{"line":10,"column":30}},"loc":{"start":{"line":10,"column":50},"end":{"line":21,"column":1}},"line":10}},"branchMap":{},"s":{"0":1},"f":{"0":1},"b":{},"_coverageSchema":"1a1c01bbd47fc00a2c39e90264f33305004495a9","hash":"159cc341ec73172eccb0d4684ad579b0d891badf"}
,"/Users/adrian/Project2_Denmark/climbUp/client/components/styles/allStyles.js": {"path":"/Users/adrian/Project2_Denmark/climbUp/client/components/styles/allStyles.js","statementMap":{"0":{"start":{"line":3,"column":15},"end":{"line":138,"column":2}}},"fnMap":{},"branchMap":{},"s":{"0":1},"f":{},"b":{},"_coverageSchema":"1a1c01bbd47fc00a2c39e90264f33305004495a9","hash":"7a6d90b7e4a24b98b1ca4ac25fdb9469f00d2583"}
}
